app/build/intermediates/manifest_merge_blame_file/debug/manifest-merger-blame-debug-report.txt
1<?xml version="1.0" encoding="utf-8"?>
2<manifest xmlns:android="http://schemas.android.com/apk/res/android"
3    package="com.example.exampletaxi"
4    android:versionCode="1"
5    android:versionName="1.0" >
6
7    <uses-sdk
8        android:minSdkVersion="21"
8-->src\main\AndroidManifest.xml
9        android:targetSdkVersion="31" />
9-->src\main\AndroidManifest.xml
10
11    <uses-permission android:name="android.permission.INTERNET" />
11-->src\main\AndroidManifest.xml:6:5-67
11-->src\main\AndroidManifest.xml:6:22-64
12    <uses-permission android:name="android.permission.READ_EXTERNAL_STORAGE" />
12-->src\main\AndroidManifest.xml:7:5-80
12-->src\main\AndroidManifest.xml:7:22-77
13    <uses-permission android:name="android.permission.MANAGE_EXTERNAL_STORAGE" />
13-->src\main\AndroidManifest.xml:8:5-9:40
13-->src\main\AndroidManifest.xml:8:22-79
14    <uses-permission android:name="android.permission.WRITE_EXTERNAL_STORAGE" />
14-->src\main\AndroidManifest.xml:10:5-11:40
14-->src\main\AndroidManifest.xml:10:22-78
15    <uses-permission android:name="android.permission.SET_WALLPAPER" />
15-->src\main\AndroidManifest.xml:12:5-72
15-->src\main\AndroidManifest.xml:12:22-69
16    <uses-permission android:name="android.permission.REORDER_TASKS" />
16-->[androidx.test:core:1.4.0] AndroidManifest.xml:24:5-72
16-->[androidx.test:core:1.4.0] AndroidManifest.xml:24:22-69
17
18    <application
18-->src\main\AndroidManifest.xml:14:5-35:19
19        android:name="com.example.exampletaxi.core.App"
19-->src\main\AndroidManifest.xml:15:9-33
20        android:allowBackup="true"
20-->src\main\AndroidManifest.xml:16:9-35
21        android:appComponentFactory="androidx.core.app.CoreComponentFactory"
21-->[androidx.core:core:1.7.0] AndroidManifest.xml:24:18-86
22        android:debuggable="true"
23        android:icon="@mipmap/ic_launcher"
23-->src\main\AndroidManifest.xml:17:9-43
24        android:label="@string/app_name"
24-->src\main\AndroidManifest.xml:18:9-41
25        android:requestLegacyExternalStorage="true"
25-->src\main\AndroidManifest.xml:22:9-52
26        android:roundIcon="@mipmap/ic_launcher_round"
26-->src\main\AndroidManifest.xml:20:9-54
27        android:supportsRtl="true"
27-->src\main\AndroidManifest.xml:21:9-35
28        android:theme="@style/Theme.ExampleTaxi"
28-->src\main\AndroidManifest.xml:23:9-49
29        android:usesCleartextTraffic="true" >
29-->src\main\AndroidManifest.xml:19:9-44
30        <activity
30-->src\main\AndroidManifest.xml:25:9-34:20
31            android:name="com.example.exampletaxi.MainActivity"
31-->src\main\AndroidManifest.xml:26:13-41
32            android:exported="true"
32-->src\main\AndroidManifest.xml:27:13-36
33            android:screenOrientation="portrait" >
33-->src\main\AndroidManifest.xml:28:13-49
34            <intent-filter>
34-->src\main\AndroidManifest.xml:29:13-33:29
35                <action android:name="android.intent.action.MAIN" />
35-->src\main\AndroidManifest.xml:30:17-69
35-->src\main\AndroidManifest.xml:30:25-66
36
37                <category android:name="android.intent.category.LAUNCHER" />
37-->src\main\AndroidManifest.xml:32:17-77
37-->src\main\AndroidManifest.xml:32:27-74
38            </intent-filter>
39        </activity>
40
41        <provider
41-->[com.readystatesoftware.chuck:library:1.1.0] AndroidManifest.xml:23:9-26:40
42            android:name="com.readystatesoftware.chuck.internal.data.ChuckContentProvider"
42-->[com.readystatesoftware.chuck:library:1.1.0] AndroidManifest.xml:24:13-91
43            android:authorities="com.example.exampletaxi.chuck.provider"
43-->[com.readystatesoftware.chuck:library:1.1.0] AndroidManifest.xml:25:13-66
44            android:exported="false" />
44-->[com.readystatesoftware.chuck:library:1.1.0] AndroidManifest.xml:26:13-37
45
46        <activity
46-->[com.readystatesoftware.chuck:library:1.1.0] AndroidManifest.xml:28:9-33:50
47            android:name="com.readystatesoftware.chuck.internal.ui.MainActivity"
47-->[com.readystatesoftware.chuck:library:1.1.0] AndroidManifest.xml:29:13-81
48            android:label="@string/chuck_name"
48-->[com.readystatesoftware.chuck:library:1.1.0] AndroidManifest.xml:30:13-47
49            android:launchMode="singleTask"
49-->[com.readystatesoftware.chuck:library:1.1.0] AndroidManifest.xml:31:13-44
50            android:taskAffinity="com.readystatesoftware.chuck.task"
50-->[com.readystatesoftware.chuck:library:1.1.0] AndroidManifest.xml:32:13-69
51            android:theme="@style/Chuck.Theme" />
51-->[com.readystatesoftware.chuck:library:1.1.0] AndroidManifest.xml:33:13-47
52        <activity
52-->[com.readystatesoftware.chuck:library:1.1.0] AndroidManifest.xml:34:9-37:50
53            android:name="com.readystatesoftware.chuck.internal.ui.TransactionActivity"
53-->[com.readystatesoftware.chuck:library:1.1.0] AndroidManifest.xml:35:13-88
54            android:parentActivityName="com.readystatesoftware.chuck.internal.ui.MainActivity"
54-->[com.readystatesoftware.chuck:library:1.1.0] AndroidManifest.xml:36:13-95
55            android:theme="@style/Chuck.Theme" />
55-->[com.readystatesoftware.chuck:library:1.1.0] AndroidManifest.xml:37:13-47
56
57        <service
57-->[com.readystatesoftware.chuck:library:1.1.0] AndroidManifest.xml:39:9-41:40
58            android:name="com.readystatesoftware.chuck.internal.support.ClearTransactionsService"
58-->[com.readystatesoftware.chuck:library:1.1.0] AndroidManifest.xml:40:13-98
59            android:exported="false" />
59-->[com.readystatesoftware.chuck:library:1.1.0] AndroidManifest.xml:41:13-37
60        <service
60-->[androidx.room:room-runtime:2.3.0] AndroidManifest.xml:25:9-28:40
61            android:name="androidx.room.MultiInstanceInvalidationService"
61-->[androidx.room:room-runtime:2.3.0] AndroidManifest.xml:26:13-74
62            android:directBootAware="true"
62-->[androidx.room:room-runtime:2.3.0] AndroidManifest.xml:27:13-43
63            android:exported="false" />
63-->[androidx.room:room-runtime:2.3.0] AndroidManifest.xml:28:13-37
64
65        <activity
65-->[androidx.test:core:1.4.0] AndroidManifest.xml:27:9-34:20
66            android:name="androidx.test.core.app.InstrumentationActivityInvoker$BootstrapActivity"
66-->[androidx.test:core:1.4.0] AndroidManifest.xml:28:13-99
67            android:exported="true"
67-->[androidx.test:core:1.4.0] AndroidManifest.xml:29:13-36
68            android:theme="@android:style/Theme" >
68-->[androidx.test:core:1.4.0] AndroidManifest.xml:30:13-49
69            <intent-filter>
69-->[androidx.test:core:1.4.0] AndroidManifest.xml:31:13-33:29
70                <action android:name="android.intent.action.MAIN" />
70-->src\main\AndroidManifest.xml:30:17-69
70-->src\main\AndroidManifest.xml:30:25-66
71            </intent-filter>
72        </activity>
73        <activity
73-->[androidx.test:core:1.4.0] AndroidManifest.xml:35:9-42:20
74            android:name="androidx.test.core.app.InstrumentationActivityInvoker$EmptyActivity"
74-->[androidx.test:core:1.4.0] AndroidManifest.xml:36:13-95
75            android:exported="true"
75-->[androidx.test:core:1.4.0] AndroidManifest.xml:37:13-36
76            android:theme="@android:style/Theme" >
76-->[androidx.test:core:1.4.0] AndroidManifest.xml:38:13-49
77            <intent-filter>
77-->[androidx.test:core:1.4.0] AndroidManifest.xml:31:13-33:29
78                <action android:name="android.intent.action.MAIN" />
78-->src\main\AndroidManifest.xml:30:17-69
78-->src\main\AndroidManifest.xml:30:25-66
79            </intent-filter>
80        </activity>
81        <activity
81-->[androidx.test:core:1.4.0] AndroidManifest.xml:43:9-50:20
82            android:name="androidx.test.core.app.InstrumentationActivityInvoker$EmptyFloatingActivity"
82-->[androidx.test:core:1.4.0] AndroidManifest.xml:44:13-103
83            android:exported="true"
83-->[androidx.test:core:1.4.0] AndroidManifest.xml:45:13-36
84            android:theme="@android:style/Theme.Dialog" >
84-->[androidx.test:core:1.4.0] AndroidManifest.xml:46:13-56
85            <intent-filter>
85-->[androidx.test:core:1.4.0] AndroidManifest.xml:31:13-33:29
86                <action android:name="android.intent.action.MAIN" />
86-->src\main\AndroidManifest.xml:30:17-69
86-->src\main\AndroidManifest.xml:30:25-66
87            </intent-filter>
88        </activity>
89    </application>
90
91</manifest>